<?xml version="1.0" encoding="UTF-8"?>
<!-- Generated by org.testng.reporters.JUnitXMLReporter -->
<testsuite hostname="DESKTOP-QJKO3QE" ignored="0" tests="0" failures="0" timestamp="28 十二月 2017 15:33:32 GMT" time="0.028" errors="0">
</testsuite>
