<?xml version="1.0" encoding="UTF-8"?>
<!-- Generated by org.testng.reporters.JUnitXMLReporter -->
<testsuite hostname="DESKTOP-QJKO3QE" ignored="0" tests="0" failures="0" timestamp="20 一月 2018 14:27:09 GMT" time="0.071" errors="0">
</testsuite>
