<?xml version="1.0" encoding="UTF-8"?>
<!-- Generated by org.testng.reporters.JUnitReportReporter -->
<testsuite skipped="0" hostname="DESKTOP-QJKO3QE" name="com.jase.test.MavenBaidu" tests="1" failures="0" timestamp="19 十一月 2018 15:05:05 GMT" time="5.326" errors="0">
  <testcase name="testMavenBaiDu" time="5.326" classname="com.jase.test.MavenBaidu"/>
</testsuite> <!-- com.jase.test.MavenBaidu -->
