<?xml version="1.0" encoding="UTF-8" ?>
<testsuite tests="1" failures="0" name="TestSuite" time="7.021" errors="0" skipped="0">
  <properties>
    <property name="java.runtime.name" value="Java(TM) SE Runtime Environment"/>
    <property name="sun.boot.library.path" value="C:\Program Files\Java\jdk1.8.0_131\jre\bin"/>
    <property name="java.vm.version" value="25.131-b11"/>
    <property name="java.vm.vendor" value="Oracle Corporation"/>
    <property name="java.vendor.url" value="http://java.oracle.com/"/>
    <property name="path.separator" value=";"/>
    <property name="java.vm.name" value="Java HotSpot(TM) 64-Bit Server VM"/>
    <property name="file.encoding.pkg" value="sun.io"/>
    <property name="user.script" value=""/>
    <property name="user.country" value="CN"/>
    <property name="sun.java.launcher" value="SUN_STANDARD"/>
    <property name="sun.os.patch.level" value=""/>
    <property name="java.vm.specification.name" value="Java Virtual Machine Specification"/>
    <property name="user.dir" value="D:\test-workspace\testMaven\Project\MySelenium\target"/>
    <property name="java.runtime.version" value="1.8.0_131-b11"/>
    <property name="java.awt.graphicsenv" value="sun.awt.Win32GraphicsEnvironment"/>
    <property name="basedir" value="D:\test-workspace\testMaven\Project\MySelenium"/>
    <property name="java.endorsed.dirs" value="C:\Program Files\Java\jdk1.8.0_131\jre\lib\endorsed"/>
    <property name="os.arch" value="amd64"/>
    <property name="surefire.real.class.path" value="C:\Users\Vincent\AppData\Local\Temp\surefirebooter235361653712948153.jar"/>
    <property name="java.io.tmpdir" value="C:\Users\Vincent\AppData\Local\Temp\"/>
    <property name="line.separator" value="
"/>
    <property name="java.vm.specification.vendor" value="Oracle Corporation"/>
    <property name="user.variant" value=""/>
    <property name="os.name" value="Windows 10"/>
    <property name="sun.jnu.encoding" value="GBK"/>
    <property name="java.library.path" value="C:\Program Files\Java\jdk1.8.0_131\jre\bin;C:\WINDOWS\Sun\Java\bin;C:\WINDOWS\system32;C:\WINDOWS;C:/Program Files/Java/jre1.8.0_131/bin/server;C:/Program Files/Java/jre1.8.0_131/bin;C:/Program Files/Java/jre1.8.0_131/lib/amd64;C:\Python27\;C:\Python27\Scripts;C:\WINDOWS\system32;C:\WINDOWS;C:\WINDOWS\System32\Wbem;C:\WINDOWS\System32\WindowsPowerShell\v1.0\;C:\ProgramData\Oracle\Java\javapath;C:\Program Files\Java\jdk1.8.0_131\bin;C:\Program Files\Java\jdk1.8.0_131\jre\bin;C:\Program Files\Mozilla Firefox\geckodriver.exe;C:\Users\Vincent\AppData\Local\Programs\Python\Python36;C:\Users\Vincent\AppData\Local\Programs\Python\Python36\Scripts;C:\apacheant\bin;C:\apacheant\lib;C:\Program Files (x86)\tomcat\bin;C:\Program Files (x86)\tomcat\lib;C:\WINDOWS\System32\OpenSSH\;C:\cmder;C:\Program Files\nodejs\;C:\apache-maven-3.5.4\bin;C:\Program Files\TortoiseSVN\bin;C:\Users\Vincent\AppData\Local\Microsoft\WindowsApps;;C:\Users\Vincent\AppData\Local\Programs\Fiddler;C:\Program Files (x86)\SSH Communications Security\SSH Secure Shell;C:\Users\Vincent\AppData\Roaming\npm;C:\Users\Vincent\eclipse\java-oxygen\eclipse;;."/>
    <property name="surefire.test.class.path" value="D:\test-workspace\testMaven\Project\MySelenium\target\test-classes;D:\test-workspace\testMaven\Project\MySelenium\target\classes;D:\test-workspace\testMaven\Warehouse\org\testng\testng\6.9.10\testng-6.9.10.jar;D:\test-workspace\testMaven\Warehouse\com\beust\jcommander\1.48\jcommander-1.48.jar;D:\test-workspace\testMaven\Warehouse\org\beanshell\bsh\2.0b4\bsh-2.0b4.jar;D:\test-workspace\testMaven\Warehouse\org\uncommons\reportng\1.1.4\reportng-1.1.4.jar;D:\test-workspace\testMaven\Warehouse\velocity\velocity\1.4\velocity-1.4.jar;D:\test-workspace\testMaven\Warehouse\velocity\velocity-dep\1.4\velocity-dep-1.4.jar;D:\test-workspace\testMaven\Warehouse\com\google\inject\guice\3.0\guice-3.0.jar;D:\test-workspace\testMaven\Warehouse\javax\inject\javax.inject\1\javax.inject-1.jar;D:\test-workspace\testMaven\Warehouse\aopalliance\aopalliance\1.0\aopalliance-1.0.jar;D:\test-workspace\testMaven\Warehouse\org\seleniumhq\selenium\selenium-java\3.5.3\selenium-java-3.5.3.jar;D:\test-workspace\testMaven\Warehouse\org\seleniumhq\selenium\selenium-api\3.5.3\selenium-api-3.5.3.jar;D:\test-workspace\testMaven\Warehouse\org\seleniumhq\selenium\selenium-chrome-driver\3.5.3\selenium-chrome-driver-3.5.3.jar;D:\test-workspace\testMaven\Warehouse\org\seleniumhq\selenium\selenium-edge-driver\3.5.3\selenium-edge-driver-3.5.3.jar;D:\test-workspace\testMaven\Warehouse\org\seleniumhq\selenium\selenium-firefox-driver\3.5.3\selenium-firefox-driver-3.5.3.jar;D:\test-workspace\testMaven\Warehouse\org\seleniumhq\selenium\selenium-ie-driver\3.5.3\selenium-ie-driver-3.5.3.jar;D:\test-workspace\testMaven\Warehouse\org\seleniumhq\selenium\selenium-opera-driver\3.5.3\selenium-opera-driver-3.5.3.jar;D:\test-workspace\testMaven\Warehouse\org\seleniumhq\selenium\selenium-remote-driver\3.5.3\selenium-remote-driver-3.5.3.jar;D:\test-workspace\testMaven\Warehouse\org\seleniumhq\selenium\selenium-safari-driver\3.5.3\selenium-safari-driver-3.5.3.jar;D:\test-workspace\testMaven\Warehouse\org\seleniumhq\selenium\selenium-support\3.5.3\selenium-support-3.5.3.jar;D:\test-workspace\testMaven\Warehouse\cglib\cglib-nodep\3.2.4\cglib-nodep-3.2.4.jar;D:\test-workspace\testMaven\Warehouse\org\apache\commons\commons-exec\1.3\commons-exec-1.3.jar;D:\test-workspace\testMaven\Warehouse\org\apache\commons\commons-lang3\3.5\commons-lang3-3.5.jar;D:\test-workspace\testMaven\Warehouse\commons-codec\commons-codec\1.10\commons-codec-1.10.jar;D:\test-workspace\testMaven\Warehouse\commons-io\commons-io\2.5\commons-io-2.5.jar;D:\test-workspace\testMaven\Warehouse\commons-logging\commons-logging\1.2\commons-logging-1.2.jar;D:\test-workspace\testMaven\Warehouse\org\w3c\css\sac\1.3\sac-1.3.jar;D:\test-workspace\testMaven\Warehouse\net\sourceforge\cssparser\cssparser\0.9.23\cssparser-0.9.23.jar;D:\test-workspace\testMaven\Warehouse\com\google\code\gson\gson\2.8.0\gson-2.8.0.jar;D:\test-workspace\testMaven\Warehouse\com\google\guava\guava\23.0\guava-23.0.jar;D:\test-workspace\testMaven\Warehouse\com\google\code\findbugs\jsr305\1.3.9\jsr305-1.3.9.jar;D:\test-workspace\testMaven\Warehouse\com\google\errorprone\error_prone_annotations\2.0.18\error_prone_annotations-2.0.18.jar;D:\test-workspace\testMaven\Warehouse\com\google\j2objc\j2objc-annotations\1.1\j2objc-annotations-1.1.jar;D:\test-workspace\testMaven\Warehouse\org\codehaus\mojo\animal-sniffer-annotations\1.14\animal-sniffer-annotations-1.14.jar;D:\test-workspace\testMaven\Warehouse\org\hamcrest\hamcrest-core\1.3\hamcrest-core-1.3.jar;D:\test-workspace\testMaven\Warehouse\net\sourceforge\htmlunit\htmlunit\2.27\htmlunit-2.27.jar;D:\test-workspace\testMaven\Warehouse\net\sourceforge\htmlunit\htmlunit-core-js\2.27\htmlunit-core-js-2.27.jar;D:\test-workspace\testMaven\Warehouse\net\sourceforge\htmlunit\neko-htmlunit\2.27\neko-htmlunit-2.27.jar;D:\test-workspace\testMaven\Warehouse\org\apache\httpcomponents\httpclient\4.5.3\httpclient-4.5.3.jar;D:\test-workspace\testMaven\Warehouse\org\apache\httpcomponents\httpcore\4.4.6\httpcore-4.4.6.jar;D:\test-workspace\testMaven\Warehouse\org\apache\httpcomponents\httpmime\4.5.3\httpmime-4.5.3.jar;D:\test-workspace\testMaven\Warehouse\org\eclipse\jetty\jetty-client\9.4.5.v20170502\jetty-client-9.4.5.v20170502.jar;D:\test-workspace\testMaven\Warehouse\org\eclipse\jetty\jetty-http\9.4.5.v20170502\jetty-http-9.4.5.v20170502.jar;D:\test-workspace\testMaven\Warehouse\org\eclipse\jetty\jetty-io\9.4.5.v20170502\jetty-io-9.4.5.v20170502.jar;D:\test-workspace\testMaven\Warehouse\org\eclipse\jetty\jetty-util\9.4.5.v20170502\jetty-util-9.4.5.v20170502.jar;D:\test-workspace\testMaven\Warehouse\net\java\dev\jna\jna\4.1.0\jna-4.1.0.jar;D:\test-workspace\testMaven\Warehouse\net\java\dev\jna\jna-platform\4.1.0\jna-platform-4.1.0.jar;D:\test-workspace\testMaven\Warehouse\junit\junit\4.12\junit-4.12.jar;D:\test-workspace\testMaven\Warehouse\com\codeborne\phantomjsdriver\1.4.0\phantomjsdriver-1.4.0.jar;D:\test-workspace\testMaven\Warehouse\org\seleniumhq\selenium\htmlunit-driver\2.27\htmlunit-driver-2.27.jar;D:\test-workspace\testMaven\Warehouse\javax\servlet\javax.servlet-api\3.1.0\javax.servlet-api-3.1.0.jar;D:\test-workspace\testMaven\Warehouse\org\eclipse\jetty\websocket\websocket-api\9.4.5.v20170502\websocket-api-9.4.5.v20170502.jar;D:\test-workspace\testMaven\Warehouse\org\eclipse\jetty\websocket\websocket-client\9.4.5.v20170502\websocket-client-9.4.5.v20170502.jar;D:\test-workspace\testMaven\Warehouse\org\eclipse\jetty\websocket\websocket-common\9.4.5.v20170502\websocket-common-9.4.5.v20170502.jar;D:\test-workspace\testMaven\Warehouse\xalan\serializer\2.7.2\serializer-2.7.2.jar;D:\test-workspace\testMaven\Warehouse\xalan\xalan\2.7.2\xalan-2.7.2.jar;D:\test-workspace\testMaven\Warehouse\xerces\xercesImpl\2.11.0\xercesImpl-2.11.0.jar;D:\test-workspace\testMaven\Warehouse\xml-apis\xml-apis\1.4.01\xml-apis-1.4.01.jar;"/>
    <property name="java.specification.name" value="Java Platform API Specification"/>
    <property name="java.class.version" value="52.0"/>
    <property name="sun.management.compiler" value="HotSpot 64-Bit Tiered Compilers"/>
    <property name="os.version" value="10.0"/>
    <property name="user.home" value="C:\Users\Vincent"/>
    <property name="user.timezone" value="Asia/Shanghai"/>
    <property name="java.awt.printerjob" value="sun.awt.windows.WPrinterJob"/>
    <property name="java.specification.version" value="1.8"/>
    <property name="file.encoding" value="GBK"/>
    <property name="user.name" value="Vincent"/>
    <property name="java.class.path" value="D:\test-workspace\testMaven\Project\MySelenium\target\test-classes;D:\test-workspace\testMaven\Project\MySelenium\target\classes;D:\test-workspace\testMaven\Warehouse\org\testng\testng\6.9.10\testng-6.9.10.jar;D:\test-workspace\testMaven\Warehouse\com\beust\jcommander\1.48\jcommander-1.48.jar;D:\test-workspace\testMaven\Warehouse\org\beanshell\bsh\2.0b4\bsh-2.0b4.jar;D:\test-workspace\testMaven\Warehouse\org\uncommons\reportng\1.1.4\reportng-1.1.4.jar;D:\test-workspace\testMaven\Warehouse\velocity\velocity\1.4\velocity-1.4.jar;D:\test-workspace\testMaven\Warehouse\velocity\velocity-dep\1.4\velocity-dep-1.4.jar;D:\test-workspace\testMaven\Warehouse\com\google\inject\guice\3.0\guice-3.0.jar;D:\test-workspace\testMaven\Warehouse\javax\inject\javax.inject\1\javax.inject-1.jar;D:\test-workspace\testMaven\Warehouse\aopalliance\aopalliance\1.0\aopalliance-1.0.jar;D:\test-workspace\testMaven\Warehouse\org\seleniumhq\selenium\selenium-java\3.5.3\selenium-java-3.5.3.jar;D:\test-workspace\testMaven\Warehouse\org\seleniumhq\selenium\selenium-api\3.5.3\selenium-api-3.5.3.jar;D:\test-workspace\testMaven\Warehouse\org\seleniumhq\selenium\selenium-chrome-driver\3.5.3\selenium-chrome-driver-3.5.3.jar;D:\test-workspace\testMaven\Warehouse\org\seleniumhq\selenium\selenium-edge-driver\3.5.3\selenium-edge-driver-3.5.3.jar;D:\test-workspace\testMaven\Warehouse\org\seleniumhq\selenium\selenium-firefox-driver\3.5.3\selenium-firefox-driver-3.5.3.jar;D:\test-workspace\testMaven\Warehouse\org\seleniumhq\selenium\selenium-ie-driver\3.5.3\selenium-ie-driver-3.5.3.jar;D:\test-workspace\testMaven\Warehouse\org\seleniumhq\selenium\selenium-opera-driver\3.5.3\selenium-opera-driver-3.5.3.jar;D:\test-workspace\testMaven\Warehouse\org\seleniumhq\selenium\selenium-remote-driver\3.5.3\selenium-remote-driver-3.5.3.jar;D:\test-workspace\testMaven\Warehouse\org\seleniumhq\selenium\selenium-safari-driver\3.5.3\selenium-safari-driver-3.5.3.jar;D:\test-workspace\testMaven\Warehouse\org\seleniumhq\selenium\selenium-support\3.5.3\selenium-support-3.5.3.jar;D:\test-workspace\testMaven\Warehouse\cglib\cglib-nodep\3.2.4\cglib-nodep-3.2.4.jar;D:\test-workspace\testMaven\Warehouse\org\apache\commons\commons-exec\1.3\commons-exec-1.3.jar;D:\test-workspace\testMaven\Warehouse\org\apache\commons\commons-lang3\3.5\commons-lang3-3.5.jar;D:\test-workspace\testMaven\Warehouse\commons-codec\commons-codec\1.10\commons-codec-1.10.jar;D:\test-workspace\testMaven\Warehouse\commons-io\commons-io\2.5\commons-io-2.5.jar;D:\test-workspace\testMaven\Warehouse\commons-logging\commons-logging\1.2\commons-logging-1.2.jar;D:\test-workspace\testMaven\Warehouse\org\w3c\css\sac\1.3\sac-1.3.jar;D:\test-workspace\testMaven\Warehouse\net\sourceforge\cssparser\cssparser\0.9.23\cssparser-0.9.23.jar;D:\test-workspace\testMaven\Warehouse\com\google\code\gson\gson\2.8.0\gson-2.8.0.jar;D:\test-workspace\testMaven\Warehouse\com\google\guava\guava\23.0\guava-23.0.jar;D:\test-workspace\testMaven\Warehouse\com\google\code\findbugs\jsr305\1.3.9\jsr305-1.3.9.jar;D:\test-workspace\testMaven\Warehouse\com\google\errorprone\error_prone_annotations\2.0.18\error_prone_annotations-2.0.18.jar;D:\test-workspace\testMaven\Warehouse\com\google\j2objc\j2objc-annotations\1.1\j2objc-annotations-1.1.jar;D:\test-workspace\testMaven\Warehouse\org\codehaus\mojo\animal-sniffer-annotations\1.14\animal-sniffer-annotations-1.14.jar;D:\test-workspace\testMaven\Warehouse\org\hamcrest\hamcrest-core\1.3\hamcrest-core-1.3.jar;D:\test-workspace\testMaven\Warehouse\net\sourceforge\htmlunit\htmlunit\2.27\htmlunit-2.27.jar;D:\test-workspace\testMaven\Warehouse\net\sourceforge\htmlunit\htmlunit-core-js\2.27\htmlunit-core-js-2.27.jar;D:\test-workspace\testMaven\Warehouse\net\sourceforge\htmlunit\neko-htmlunit\2.27\neko-htmlunit-2.27.jar;D:\test-workspace\testMaven\Warehouse\org\apache\httpcomponents\httpclient\4.5.3\httpclient-4.5.3.jar;D:\test-workspace\testMaven\Warehouse\org\apache\httpcomponents\httpcore\4.4.6\httpcore-4.4.6.jar;D:\test-workspace\testMaven\Warehouse\org\apache\httpcomponents\httpmime\4.5.3\httpmime-4.5.3.jar;D:\test-workspace\testMaven\Warehouse\org\eclipse\jetty\jetty-client\9.4.5.v20170502\jetty-client-9.4.5.v20170502.jar;D:\test-workspace\testMaven\Warehouse\org\eclipse\jetty\jetty-http\9.4.5.v20170502\jetty-http-9.4.5.v20170502.jar;D:\test-workspace\testMaven\Warehouse\org\eclipse\jetty\jetty-io\9.4.5.v20170502\jetty-io-9.4.5.v20170502.jar;D:\test-workspace\testMaven\Warehouse\org\eclipse\jetty\jetty-util\9.4.5.v20170502\jetty-util-9.4.5.v20170502.jar;D:\test-workspace\testMaven\Warehouse\net\java\dev\jna\jna\4.1.0\jna-4.1.0.jar;D:\test-workspace\testMaven\Warehouse\net\java\dev\jna\jna-platform\4.1.0\jna-platform-4.1.0.jar;D:\test-workspace\testMaven\Warehouse\junit\junit\4.12\junit-4.12.jar;D:\test-workspace\testMaven\Warehouse\com\codeborne\phantomjsdriver\1.4.0\phantomjsdriver-1.4.0.jar;D:\test-workspace\testMaven\Warehouse\org\seleniumhq\selenium\htmlunit-driver\2.27\htmlunit-driver-2.27.jar;D:\test-workspace\testMaven\Warehouse\javax\servlet\javax.servlet-api\3.1.0\javax.servlet-api-3.1.0.jar;D:\test-workspace\testMaven\Warehouse\org\eclipse\jetty\websocket\websocket-api\9.4.5.v20170502\websocket-api-9.4.5.v20170502.jar;D:\test-workspace\testMaven\Warehouse\org\eclipse\jetty\websocket\websocket-client\9.4.5.v20170502\websocket-client-9.4.5.v20170502.jar;D:\test-workspace\testMaven\Warehouse\org\eclipse\jetty\websocket\websocket-common\9.4.5.v20170502\websocket-common-9.4.5.v20170502.jar;D:\test-workspace\testMaven\Warehouse\xalan\serializer\2.7.2\serializer-2.7.2.jar;D:\test-workspace\testMaven\Warehouse\xalan\xalan\2.7.2\xalan-2.7.2.jar;D:\test-workspace\testMaven\Warehouse\xerces\xercesImpl\2.11.0\xercesImpl-2.11.0.jar;D:\test-workspace\testMaven\Warehouse\xml-apis\xml-apis\1.4.01\xml-apis-1.4.01.jar;"/>
    <property name="java.vm.specification.version" value="1.8"/>
    <property name="sun.arch.data.model" value="64"/>
    <property name="java.home" value="C:\Program Files\Java\jdk1.8.0_131\jre"/>
    <property name="sun.java.command" value="C:\Users\Vincent\AppData\Local\Temp\surefirebooter235361653712948153.jar C:\Users\Vincent\AppData\Local\Temp\surefire2936333472123060316tmp C:\Users\Vincent\AppData\Local\Temp\surefire2324005878014512766tmp"/>
    <property name="java.specification.vendor" value="Oracle Corporation"/>
    <property name="user.language" value="zh"/>
    <property name="awt.toolkit" value="sun.awt.windows.WToolkit"/>
    <property name="java.vm.info" value="mixed mode"/>
    <property name="java.version" value="1.8.0_131"/>
    <property name="java.ext.dirs" value="C:\Program Files\Java\jdk1.8.0_131\jre\lib\ext;C:\WINDOWS\Sun\Java\lib\ext"/>
    <property name="sun.boot.class.path" value="C:\Program Files\Java\jdk1.8.0_131\jre\lib\resources.jar;C:\Program Files\Java\jdk1.8.0_131\jre\lib\rt.jar;C:\Program Files\Java\jdk1.8.0_131\jre\lib\sunrsasign.jar;C:\Program Files\Java\jdk1.8.0_131\jre\lib\jsse.jar;C:\Program Files\Java\jdk1.8.0_131\jre\lib\jce.jar;C:\Program Files\Java\jdk1.8.0_131\jre\lib\charsets.jar;C:\Program Files\Java\jdk1.8.0_131\jre\lib\jfr.jar;C:\Program Files\Java\jdk1.8.0_131\jre\classes"/>
    <property name="webdriver.chrome.driver" value="C:\Program Files (x86)\Google\Chrome\Application\chromedriver.exe"/>
    <property name="java.vendor" value="Oracle Corporation"/>
    <property name="localRepository" value="D:\test-workspace\testMaven\Warehouse"/>
    <property name="file.separator" value="\"/>
    <property name="java.vendor.url.bug" value="http://bugreport.sun.com/bugreport/"/>
    <property name="sun.cpu.endian" value="little"/>
    <property name="sun.io.unicode.encoding" value="UnicodeLittle"/>
    <property name="sun.desktop" value="windows"/>
    <property name="sun.cpu.isalist" value="amd64"/>
  </properties>
  <testcase classname="com.jase.test.MavenBaidu" name="testMavenBaiDu" time="6.335"/>
</testsuite>