<?xml version="1.0" encoding="UTF-8"?>
<!-- Generated by org.testng.reporters.JUnitReportReporter -->
<testsuite skipped="0" hostname="DESKTOP-QJKO3QE" name="com.vincent.selenium.CssSelector" tests="1" failures="0" timestamp="21 十一月 2017 14:59:11 GMT" time="4.708" errors="0">
  <testcase name="csstest" time="4.708" classname="com.vincent.selenium.CssSelector"/>
</testsuite> <!-- com.vincent.selenium.CssSelector -->
