<?xml version="1.0" encoding="UTF-8"?>
<!-- Generated by org.testng.reporters.JUnitReportReporter -->
<testsuite skipped="0" hostname="vincent-PC" name="com.vincent.selenium.DataProviderDemo" tests="3" failures="0" timestamp="05 十二月 2017 11:45:01 GMT" time="35.386" errors="0">
  <testcase name="testSearch" time="10.166" classname="com.vincent.selenium.DataProviderDemo"/>
  <testcase name="testSearch" time="7.700" classname="com.vincent.selenium.DataProviderDemo"/>
  <testcase name="testSearch" time="17.520" classname="com.vincent.selenium.DataProviderDemo"/>
</testsuite> <!-- com.vincent.selenium.DataProviderDemo -->
