<?xml version="1.0" encoding="UTF-8"?>
<!-- Generated by org.testng.reporters.JUnitReportReporter -->
<testsuite skipped="0" hostname="DESKTOP-QJKO3QE" name="com.vincent.datadriveno.ExcelDataTest" tests="5" failures="0" timestamp="27 一月 2018 15:04:28 GMT" time="0.009" errors="0">
  <testcase name="ts" time="0.007" classname="com.vincent.datadriveno.ExcelDataTest"/>
  <testcase name="ts" time="0.000" classname="com.vincent.datadriveno.ExcelDataTest"/>
  <testcase name="ts" time="0.001" classname="com.vincent.datadriveno.ExcelDataTest"/>
  <testcase name="ts" time="0.001" classname="com.vincent.datadriveno.ExcelDataTest"/>
  <testcase name="ts" time="0.000" classname="com.vincent.datadriveno.ExcelDataTest"/>
</testsuite> <!-- com.vincent.datadriveno.ExcelDataTest -->
