<?xml version="1.0" encoding="UTF-8"?>
<!-- Generated by org.testng.reporters.JUnitReportReporter -->
<testsuite skipped="0" hostname="DESKTOP-QJKO3QE" name="com.vincent.datadriven.DDExcelData" tests="5" failures="0" timestamp="24 十二月 2017 10:38:42 GMT" time="0.011" errors="0">
  <testcase name="ts" time="0.007" classname="com.vincent.datadriven.DDExcelData"/>
  <testcase name="ts" time="0.001" classname="com.vincent.datadriven.DDExcelData"/>
  <testcase name="ts" time="0.001" classname="com.vincent.datadriven.DDExcelData"/>
  <testcase name="ts" time="0.001" classname="com.vincent.datadriven.DDExcelData"/>
  <testcase name="ts" time="0.001" classname="com.vincent.datadriven.DDExcelData"/>
</testsuite> <!-- com.vincent.datadriven.DDExcelData -->
