<?xml version="1.0" encoding="UTF-8"?>
<!-- Generated by org.testng.reporters.JUnitReportReporter -->
<testsuite skipped="0" hostname="DESKTOP-QJKO3QE" name="com.vincent.datadriven.DDTestng" tests="3" failures="0" timestamp="19 十二月 2017 15:13:45 GMT" time="20.076" errors="0">
  <testcase name="testSearch" time="6.183" classname="com.vincent.datadriven.DDTestng"/>
  <testcase name="testSearch" time="8.085" classname="com.vincent.datadriven.DDTestng"/>
  <testcase name="testSearch" time="5.808" classname="com.vincent.datadriven.DDTestng"/>
</testsuite> <!-- com.vincent.datadriven.DDTestng -->
