<?xml version="1.0" encoding="UTF-8"?>
<!-- Generated by org.testng.reporters.JUnitXMLReporter -->
<testsuite hostname="DESKTOP-QJKO3QE" ignored="0" name="Test-method test" tests="2" failures="0" timestamp="16 一月 2018 15:02:55 GMT" time="0.023" errors="0">
  <testcase name="testMethodTwo" time="0.004" classname="com.vincent.parallel.ParallelMethodTest"/>
  <testcase name="testMethodOne" time="0.004" classname="com.vincent.parallel.ParallelMethodTest"/>
</testsuite> <!-- Test-method test -->
