<?xml version="1.0" encoding="UTF-8"?>
<!-- Generated by org.testng.reporters.JUnitXMLReporter -->
<testsuite hostname="DESKTOP-QJKO3QE" ignored="0" name="Test-method test" tests="2" failures="0" timestamp="23 十月 2017 14:19:21 GMT" time="0.023" errors="0">
  <testcase name="testMethodsOne" time="0.004" classname="com.vincent.testng.parallelism.ParallelMethodTest"/>
  <testcase name="testMethodsTwo" time="0.004" classname="com.vincent.testng.parallelism.ParallelMethodTest"/>
</testsuite> <!-- Test-method test -->
