<?xml version="1.0" encoding="UTF-8"?>
<!-- Generated by org.testng.reporters.JUnitReportReporter -->
<testsuite skipped="0" hostname="DESKTOP-QJKO3QE" name="com.vincent.testng.TestServer" tests="2" failures="0" timestamp="25 十二月 2017 15:59:48 GMT" time="0.007" errors="0">
  <testcase name="deployServer" time="0.006" classname="com.vincent.testng.TestServer"/>
  <testcase name="deployBackUpServer" time="0.001" classname="com.vincent.testng.TestServer"/>
</testsuite> <!-- com.vincent.testng.TestServer -->
