<?xml version="1.0" encoding="UTF-8"?>
<!-- Generated by org.testng.reporters.JUnitReportReporter -->
<testsuite skipped="0" hostname="DESKTOP-QJKO3QE" name="com.vincent.testng.TestParameterXML" tests="1" failures="0" timestamp="20 一月 2018 12:49:20 GMT" time="0.024" errors="0">
  <testcase name="createConnection" time="0.024" classname="com.vincent.testng.TestParameterXML"/>
</testsuite> <!-- com.vincent.testng.TestParameterXML -->
