<?xml version="1.0" encoding="UTF-8"?>
<!-- Generated by org.testng.reporters.JUnitReportReporter -->
<testsuite skipped="0" hostname="DESKTOP-QJKO3QE" name="com.vincent.ttestng.ExceptionTest" tests="2" failures="0" timestamp="28 十二月 2017 14:48:04 GMT" time="0.009" errors="0">
  <testcase name="testSalutationMessage" time="0.003" classname="com.vincent.ttestng.ExceptionTest"/>
  <testcase name="testPrintMessage" time="0.006" classname="com.vincent.ttestng.ExceptionTest"/>
</testsuite> <!-- com.vincent.ttestng.ExceptionTest -->
