<?xml version="1.0" encoding="UTF-8"?>
<!-- Generated by org.testng.reporters.JUnitReportReporter -->
<testsuite skipped="0" hostname="DESKTOP-QJKO3QE" name="com.vincent.testng.TestGroup" tests="7" failures="0" timestamp="20 一月 2018 11:36:18 GMT" time="0.007" errors="0">
  <testcase name="runSelenium1" time="0.001" classname="com.vincent.testng.TestGroup"/>
  <testcase name="testConnectOracle" time="0.001" classname="com.vincent.testng.TestGroup"/>
  <testcase name="testConnectMsSQL" time="0.001" classname="com.vincent.testng.TestGroup"/>
  <testcase name="runSelenium1" time="0.001" classname="com.vincent.testng.TestGroup"/>
  <testcase name="runSelenium" time="0.001" classname="com.vincent.testng.TestGroup"/>
  <testcase name="runFinal" time="0.001" classname="com.vincent.testng.TestGroup"/>
  <testcase name="runSelenium" time="0.001" classname="com.vincent.testng.TestGroup"/>
</testsuite> <!-- com.vincent.testng.TestGroup -->
