<?xml version="1.0" encoding="UTF-8"?>
<!-- Generated by org.testng.reporters.JUnitReportReporter -->
<testsuite skipped="0" hostname="DESKTOP-QJKO3QE" name="com.vincent.testng.TestApp" tests="2" failures="0" timestamp="25 十二月 2017 15:59:48 GMT" time="0.001" errors="0">
  <testcase name="method2" time="0.000" classname="com.vincent.testng.TestApp"/>
  <testcase name="method1" time="0.001" classname="com.vincent.testng.TestApp"/>
</testsuite> <!-- com.vincent.testng.TestApp -->
