<?xml version="1.0" encoding="UTF-8"?>
<!-- Generated by org.testng.reporters.JUnitReportReporter -->
<testsuite skipped="0" hostname="DESKTOP-QJKO3QE" name="com.vincent.parallel.ParallelMethodTest" tests="2" failures="0" timestamp="16 一月 2018 15:02:55 GMT" time="0.014" errors="0">
  <testcase name="testMethodOne" time="0.007" classname="com.vincent.parallel.ParallelMethodTest"/>
  <testcase name="testMethodTwo" time="0.007" classname="com.vincent.parallel.ParallelMethodTest"/>
</testsuite> <!-- com.vincent.parallel.ParallelMethodTest -->
