<?xml version="1.0" encoding="UTF-8"?>
<!-- Generated by org.testng.reporters.JUnitReportReporter -->
<testsuite skipped="0" hostname="DESKTOP-QJKO3QE" name="com.vincent.testng.TestServer" tests="2" failures="0" timestamp="20 一月 2018 06:53:51 GMT" time="0.010" errors="0">
  <testcase name="deployBackUpServer" time="0.001" classname="com.vincent.testng.TestServer"/>
  <testcase name="deployServer" time="0.009" classname="com.vincent.testng.TestServer"/>
</testsuite> <!-- com.vincent.testng.TestServer -->
