<?xml version="1.0" encoding="UTF-8"?>
<!-- Generated by org.testng.reporters.JUnitReportReporter -->
<testsuite skipped="0" hostname="DESKTOP-QJKO3QE" name="com.vincent.testng.parallelism.ParallelMethodTest" tests="2" failures="0" timestamp="23 十月 2017 14:19:21 GMT" time="0.014" errors="0">
  <testcase name="testMethodsOne" time="0.007" classname="com.vincent.testng.parallelism.ParallelMethodTest"/>
  <testcase name="testMethodsTwo" time="0.007" classname="com.vincent.testng.parallelism.ParallelMethodTest"/>
</testsuite> <!-- com.vincent.testng.parallelism.ParallelMethodTest -->
