<?xml version="1.0" encoding="UTF-8"?>
<!-- Generated by org.testng.reporters.JUnitReportReporter -->
<testsuite skipped="0" hostname="DESKTOP-QJKO3QE" name="com.vincent.testng.TestDBConnection" tests="2" failures="0" timestamp="19 九月 2017 14:49:33 GMT" time="0.012" errors="0">
  <testcase name="runOtherTest1" time="0.010" classname="com.vincent.testng.TestDBConnection"/>
  <testcase name="runOtherTest2" time="0.002" classname="com.vincent.testng.TestDBConnection"/>
</testsuite> <!-- com.vincent.testng.TestDBConnection -->
