<?xml version="1.0" encoding="UTF-8"?>
<!-- Generated by org.testng.reporters.JUnitReportReporter -->
<testsuite skipped="0" hostname="DESKTOP-QJKO3QE" name="com.vincent.testng.SuiteTest2" tests="1" failures="0" timestamp="20 一月 2018 06:30:53 GMT" time="0.001" errors="0">
  <testcase name="testSalutationMessage" time="0.001" classname="com.vincent.testng.SuiteTest2"/>
</testsuite> <!-- com.vincent.testng.SuiteTest2 -->
