<?xml version="1.0" encoding="UTF-8"?>
<!-- Generated by org.testng.reporters.JUnitReportReporter -->
<testsuite skipped="0" hostname="DESKTOP-QJKO3QE" name="com.vincent.testng.NGtestOne" tests="1" failures="0" timestamp="24 九月 2017 10:05:00 GMT" time="0.003" errors="0">
  <testcase name="test" time="0.003" classname="com.vincent.testng.NGtestOne"/>
</testsuite> <!-- com.vincent.testng.NGtestOne -->
