<?xml version="1.0" encoding="UTF-8"?>
<!-- Generated by org.testng.reporters.JUnitReportReporter -->
<testsuite skipped="0" hostname="DESKTOP-QJKO3QE" name="com.vincent.testng.NGtestOne" tests="1" failures="0" timestamp="11 九月 2017 14:45:09 GMT" time="0.004" errors="0">
  <testcase name="test" time="0.004" classname="com.vincent.testng.NGtestOne"/>
</testsuite> <!-- com.vincent.testng.NGtestOne -->
