<?xml version="1.0" encoding="UTF-8"?>
<!-- Generated by org.testng.reporters.JUnitReportReporter -->
<testsuite skipped="0" hostname="DESKTOP-QJKO3QE" name="com.vincent.ttestng.TestNGAnnotation" tests="2" failures="0" timestamp="27 十二月 2017 15:14:53 GMT" time="0.008" errors="0">
  <testcase name="testcast1" time="0.002" classname="com.vincent.ttestng.TestNGAnnotation"/>
  <testcase name="testcase2" time="0.006" classname="com.vincent.ttestng.TestNGAnnotation"/>
</testsuite> <!-- com.vincent.ttestng.TestNGAnnotation -->
