<?xml version="1.0" encoding="UTF-8"?>
<!-- Generated by org.testng.reporters.JUnitReportReporter -->
<testsuite skipped="0" hostname="DESKTOP-QJKO3QE" name="com.vincent.testng.ExceptionTest" tests="2" failures="0" timestamp="24 十二月 2017 15:57:25 GMT" time="0.008" errors="0">
  <testcase name="testSalutationMessage" time="0.002" classname="com.vincent.testng.ExceptionTest"/>
  <testcase name="testPrintMessage" time="0.006" classname="com.vincent.testng.ExceptionTest"/>
</testsuite> <!-- com.vincent.testng.ExceptionTest -->
