<?xml version="1.0" encoding="UTF-8"?>
<!-- Generated by org.testng.reporters.JUnitReportReporter -->
<testsuite skipped="0" hostname="DESKTOP-QJKO3QE" name="com.vincent.testng.SuiteTest1" tests="1" failures="0" timestamp="25 十月 2017 14:56:00 GMT" time="0.006" errors="0">
  <testcase name="testPrintMessage" time="0.006" classname="com.vincent.testng.SuiteTest1"/>
</testsuite> <!-- com.vincent.testng.SuiteTest1 -->
