<?xml version="1.0" encoding="UTF-8"?>
<!-- Generated by org.testng.reporters.JUnitReportReporter -->
<testsuite skipped="0" hostname="DESKTOP-QJKO3QE" name="com.vincent.testng.App" tests="2" failures="0" timestamp="25 十二月 2017 15:31:18 GMT" time="0.006" errors="0">
  <testcase name="method2" time="0.001" classname="com.vincent.testng.App"/>
  <testcase name="method1" time="0.005" classname="com.vincent.testng.App"/>
</testsuite> <!-- com.vincent.testng.App -->
