<?xml version="1.0" encoding="UTF-8"?>
<!-- Generated by org.testng.reporters.JUnitReportReporter -->
<testsuite skipped="0" hostname="DESKTOP-QJKO3QE" name="com.vincent.testng.TestDB" tests="2" failures="0" timestamp="20 一月 2018 06:53:51 GMT" time="0.004" errors="0">
  <testcase name="initDB" time="0.002" classname="com.vincent.testng.TestDB"/>
  <testcase name="testConnection" time="0.002" classname="com.vincent.testng.TestDB"/>
</testsuite> <!-- com.vincent.testng.TestDB -->
