<?xml version="1.0" encoding="UTF-8"?>
<!-- Generated by org.testng.reporters.JUnitReportReporter -->
<testsuite skipped="0" hostname="DESKTOP-QJKO3QE" name="com.vincent.testng.TestParameterDataProvider" tests="3" failures="0" timestamp="26 十二月 2017 14:17:00 GMT" time="0.008" errors="0">
  <testcase name="test" time="0.006" classname="com.vincent.testng.TestParameterDataProvider"/>
  <testcase name="test" time="0.001" classname="com.vincent.testng.TestParameterDataProvider"/>
  <testcase name="test" time="0.001" classname="com.vincent.testng.TestParameterDataProvider"/>
</testsuite> <!-- com.vincent.testng.TestParameterDataProvider -->
