<?xml version="1.0" encoding="UTF-8"?>
<!-- Generated by org.testng.reporters.JUnitReportReporter -->
<testsuite skipped="0" hostname="DESKTOP-QJKO3QE" name="com.vincent.testng.TestSelenium" tests="4" failures="0" timestamp="24 十二月 2017 15:57:39 GMT" time="0.007" errors="0">
  <testcase name="runSelenium1" time="0.000" classname="com.vincent.testng.TestSelenium"/>
  <testcase name="runSelenium1" time="0.001" classname="com.vincent.testng.TestSelenium"/>
  <testcase name="runSelenium" time="0.001" classname="com.vincent.testng.TestSelenium"/>
  <testcase name="runSelenium" time="0.005" classname="com.vincent.testng.TestSelenium"/>
</testsuite> <!-- com.vincent.testng.TestSelenium -->
