<?xml version="1.0" encoding="UTF-8"?>
<!-- Generated by org.testng.reporters.JUnitReportReporter -->
<testsuite skipped="1" hostname="DESKTOP-QJKO3QE" name="com.vincent.ttestng.IgnoreTest" tests="2" failures="0" timestamp="28 十二月 2017 14:08:59 GMT" time="0.006" errors="0">
  <testcase name="testSalutationMessage" time="0.006" classname="com.vincent.ttestng.IgnoreTest"/>
  <testcase name="testPrintMessage" classname="com.vincent.ttestng.IgnoreTest">
    <skipped/>
  </testcase> <!-- testPrintMessage -->
</testsuite> <!-- com.vincent.ttestng.IgnoreTest -->
