<?xml version="1.0" encoding="UTF-8"?>
<!-- Generated by org.testng.reporters.JUnitReportReporter -->
<testsuite skipped="0" hostname="DESKTOP-QJKO3QE" name="com.vincent.testng.TestRuntime" tests="1" failures="0" timestamp="24 十二月 2017 15:18:47 GMT" time="0.007" errors="0">
  <testcase name="divisionWithException" time="0.007" classname="com.vincent.testng.TestRuntime"/>
</testsuite> <!-- com.vincent.testng.TestRuntime -->
