<?xml version="1.0" encoding="UTF-8"?>
<!-- Generated by org.testng.reporters.JUnitReportReporter -->
<testsuite skipped="0" hostname="DESKTOP-QJKO3QE" name="com.vincent.testng.TestParameterDataProvider3" tests="4" failures="0" timestamp="20 一月 2018 13:51:59 GMT" time="0.009" errors="0">
  <testcase name="test1" time="0.000" classname="com.vincent.testng.TestParameterDataProvider3"/>
  <testcase name="test1" time="0.007" classname="com.vincent.testng.TestParameterDataProvider3"/>
  <testcase name="test2" time="0.001" classname="com.vincent.testng.TestParameterDataProvider3"/>
  <testcase name="test2" time="0.001" classname="com.vincent.testng.TestParameterDataProvider3"/>
</testsuite> <!-- com.vincent.testng.TestParameterDataProvider3 -->
