<?xml version="1.0" encoding="UTF-8"?>
<!-- Generated by org.testng.reporters.JUnitReportReporter -->
<testsuite skipped="0" hostname="DESKTOP-QJKO3QE" name="com.vincent.ttestng.DependTest" tests="3" failures="0" timestamp="28 十二月 2017 15:14:41 GMT" time="0.008" errors="0">
  <testcase name="initEnvironmentTest" time="0.005" classname="com.vincent.ttestng.DependTest"/>
  <testcase name="testSalutationMessage" time="0.001" classname="com.vincent.ttestng.DependTest"/>
  <testcase name="testPrintMessage" time="0.002" classname="com.vincent.ttestng.DependTest"/>
</testsuite> <!-- com.vincent.ttestng.DependTest -->
