<?xml version="1.0" encoding="UTF-8"?>
<!-- Generated by org.testng.reporters.JUnitReportReporter -->
<testsuite skipped="0" hostname="DESKTOP-QJKO3QE" name="com.vincent.parallel.ParallelSuiteTest" tests="2" failures="0" timestamp="16 一月 2018 15:06:58 GMT" time="0.008" errors="0">
  <testcase name="testMethodOne" time="0.004" classname="com.vincent.parallel.ParallelSuiteTest"/>
  <testcase name="testMethodOne" time="0.004" classname="com.vincent.parallel.ParallelSuiteTest"/>
</testsuite> <!-- com.vincent.parallel.ParallelSuiteTest -->
