<?xml version="1.0" encoding="UTF-8"?>
<!-- Generated by org.testng.reporters.JUnitReportReporter -->
<testsuite skipped="0" hostname="DESKTOP-QJKO3QE" name="com.vincent.ttestng.TestEmployeeDetails" tests="2" failures="0" timestamp="27 十二月 2017 14:52:52 GMT" time="0.009" errors="0">
  <testcase name="testCalculateYearlySalary" time="0.001" classname="com.vincent.ttestng.TestEmployeeDetails"/>
  <testcase name="testCalculateAppriasal" time="0.008" classname="com.vincent.ttestng.TestEmployeeDetails"/>
</testsuite> <!-- com.vincent.ttestng.TestEmployeeDetails -->
