<?xml version="1.0" encoding="UTF-8"?>
<!-- Generated by org.testng.reporters.JUnitReportReporter -->
<testsuite skipped="0" hostname="DESKTOP-QJKO3QE" name="com.vincent.testng.ExpectedExceptionTest" tests="2" failures="0" timestamp="25 十月 2017 13:05:01 GMT" time="0.008" errors="0">
  <testcase name="testPrintMessage" time="0.007" classname="com.vincent.testng.ExpectedExceptionTest"/>
  <testcase name="testSalutationMessage" time="0.001" classname="com.vincent.testng.ExpectedExceptionTest"/>
</testsuite> <!-- com.vincent.testng.ExpectedExceptionTest -->
