<?xml version="1.0" encoding="UTF-8"?>
<!-- Generated by org.testng.reporters.JUnitReportReporter -->
<testsuite skipped="0" hostname="DESKTOP-QJKO3QE" name="com.vincent.testng.dbc.TestConfiguration" tests="2" failures="0" timestamp="22 十月 2017 15:07:14 GMT" time="0.006" errors="0">
  <testcase name="runOtherTest2" time="0.002" classname="com.vincent.testng.dbc.TestConfiguration"/>
  <testcase name="runOtherTest1" time="0.004" classname="com.vincent.testng.dbc.TestConfiguration"/>
</testsuite> <!-- com.vincent.testng.dbc.TestConfiguration -->
