<?xml version="1.0" encoding="UTF-8"?>
<!-- Generated by org.testng.reporters.JUnitReportReporter -->
<testsuite skipped="0" hostname="DESKTOP-QJKO3QE" name="com.vincent.ttestng.TestMessages2" tests="1" failures="0" timestamp="28 十二月 2017 13:48:49 GMT" time="0.001" errors="0">
  <testcase name="testSaluationMessage" time="0.001" classname="com.vincent.ttestng.TestMessages2"/>
</testsuite> <!-- com.vincent.ttestng.TestMessages2 -->
