<?xml version="1.0" encoding="UTF-8"?>
<!-- Generated by org.testng.reporters.JUnitReportReporter -->
<testsuite skipped="0" hostname="DESKTOP-QJKO3QE" name="com.vincent.testng.TestParameterDataProvider2" tests="1" failures="0" timestamp="20 一月 2018 13:47:15 GMT" time="0.006" errors="0">
  <testcase name="testConnection" time="0.006" classname="com.vincent.testng.TestParameterDataProvider2"/>
</testsuite> <!-- com.vincent.testng.TestParameterDataProvider2 -->
