<?xml version="1.0" encoding="UTF-8"?>
<!-- Generated by org.testng.reporters.JUnitReportReporter -->
<testsuite skipped="0" hostname="DESKTOP-QJKO3QE" name="com.vincent.testng.parallelism.ParallelSuiteTest" tests="2" failures="0" timestamp="23 十月 2017 14:38:31 GMT" time="0.006" errors="0">
  <testcase name="testMethodOne" time="0.003" classname="com.vincent.testng.parallelism.ParallelSuiteTest"/>
  <testcase name="testMethodOne" time="0.003" classname="com.vincent.testng.parallelism.ParallelSuiteTest"/>
</testsuite> <!-- com.vincent.testng.parallelism.ParallelSuiteTest -->
