<?xml version="1.0" encoding="UTF-8"?>
<!-- Generated by org.testng.reporters.JUnitReportReporter -->
<testsuite skipped="0" hostname="DESKTOP-QJKO3QE" name="com.vincent.testng.TestDataBase" tests="2" failures="0" timestamp="25 十二月 2017 15:22:14 GMT" time="0.007" errors="0">
  <testcase name="testConnectOracle" time="0.001" classname="com.vincent.testng.TestDataBase"/>
  <testcase name="testConnectMsSQL" time="0.006" classname="com.vincent.testng.TestDataBase"/>
</testsuite> <!-- com.vincent.testng.TestDataBase -->
