<?xml version="1.0" encoding="UTF-8"?>
<!-- Generated by org.testng.reporters.JUnitReportReporter -->
<testsuite skipped="1" hostname="DESKTOP-QJKO3QE" name="com.vincent.testng.IgnoreTest" tests="2" failures="0" timestamp="25 十月 2017 15:05:43 GMT" time="0.007" errors="0">
  <testcase name="testSalutationMessage" time="0.007" classname="com.vincent.testng.IgnoreTest"/>
  <testcase name="testPrintMessage" classname="com.vincent.testng.IgnoreTest">
    <skipped/>
  </testcase> <!-- testPrintMessage -->
</testsuite> <!-- com.vincent.testng.IgnoreTest -->
