<?xml version="1.0" encoding="UTF-8"?>
<!-- Generated by org.testng.reporters.JUnitReportReporter -->
<testsuite skipped="0" hostname="DESKTOP-QJKO3QE" name="com.vincent.testng.TestParameterDataProvider2" tests="1" failures="0" timestamp="26 十二月 2017 15:07:13 GMT" time="0.007" errors="0">
  <testcase name="testConnection" time="0.007" classname="com.vincent.testng.TestParameterDataProvider2"/>
</testsuite> <!-- com.vincent.testng.TestParameterDataProvider2 -->
