<?xml version="1.0" encoding="UTF-8"?>
<!-- Generated by org.testng.reporters.JUnitReportReporter -->
<testsuite skipped="0" hostname="DESKTOP-QJKO3QE" name="com.vincent.testng.parallelism.IndependentTest" tests="6" failures="0" timestamp="23 十月 2017 14:51:53 GMT" time="0.028" errors="0">
  <testcase name="testMethod" time="0.007" classname="com.vincent.testng.parallelism.IndependentTest"/>
  <testcase name="testMethod" time="0.003" classname="com.vincent.testng.parallelism.IndependentTest"/>
  <testcase name="testMethod" time="0.007" classname="com.vincent.testng.parallelism.IndependentTest"/>
  <testcase name="testMethod" time="0.001" classname="com.vincent.testng.parallelism.IndependentTest"/>
  <testcase name="testMethod" time="0.003" classname="com.vincent.testng.parallelism.IndependentTest"/>
  <testcase name="testMethod" time="0.007" classname="com.vincent.testng.parallelism.IndependentTest"/>
</testsuite> <!-- com.vincent.testng.parallelism.IndependentTest -->
