<?xml version="1.0" encoding="UTF-8"?>
<!-- Generated by org.testng.reporters.JUnitReportReporter -->
<testsuite skipped="0" hostname="DESKTOP-QJKO3QE" name="com.vincent.testng.TestParameterXML" tests="1" failures="0" timestamp="26 十二月 2017 14:03:42 GMT" time="0.006" errors="0">
  <testcase name="createConnection" time="0.006" classname="com.vincent.testng.TestParameterXML"/>
</testsuite> <!-- com.vincent.testng.TestParameterXML -->
