<?xml version="1.0" encoding="UTF-8"?>
<!-- Generated by org.testng.reporters.JUnitReportReporter -->
<testsuite skipped="0" hostname="DESKTOP-QJKO3QE" name="com.vincent.testng.TestDataBase" tests="2" failures="0" timestamp="20 一月 2018 08:46:59 GMT" time="0.010" errors="0">
  <testcase name="testConnectOracle" time="0.002" classname="com.vincent.testng.TestDataBase"/>
  <testcase name="testConnectMsSQL" time="0.008" classname="com.vincent.testng.TestDataBase"/>
</testsuite> <!-- com.vincent.testng.TestDataBase -->
