<?xml version="1.0" encoding="UTF-8"?>
<!-- Generated by org.testng.reporters.JUnitReportReporter -->
<testsuite skipped="0" hostname="DESKTOP-QJKO3QE" name="com.vincent.testng.TestHelloWorld" tests="1" failures="0" timestamp="18 九月 2017 15:39:00 GMT" time="0.008" errors="0">
  <testcase name="testEmailGenerator" time="0.008" classname="com.vincent.testng.TestHelloWorld"/>
</testsuite> <!-- com.vincent.testng.TestHelloWorld -->
