<?xml version="1.0" encoding="UTF-8"?>
<!-- Generated by org.testng.reporters.JUnitReportReporter -->
<testsuite skipped="0" hostname="DESKTOP-QJKO3QE" name="com.vincent.ttestng.GroupTest" tests="1" failures="0" timestamp="28 十二月 2017 14:38:47 GMT" time="0.007" errors="0">
  <testcase name="testSalutationMessage" time="0.007" classname="com.vincent.ttestng.GroupTest"/>
</testsuite> <!-- com.vincent.ttestng.GroupTest -->
