<?xml version="1.0" encoding="UTF-8"?>
<!-- Generated by org.testng.reporters.JUnitReportReporter -->
<testsuite skipped="0" hostname="DESKTOP-QJKO3QE" name="com.vincent.testng.TestOrder" tests="2" failures="0" timestamp="20 一月 2018 08:45:08 GMT" time="0.007" errors="0">
  <testcase name="testMakeOrder" time="0.005" classname="com.vincent.testng.TestOrder"/>
  <testcase name="testUpdateOrder" time="0.002" classname="com.vincent.testng.TestOrder"/>
</testsuite> <!-- com.vincent.testng.TestOrder -->
