<?xml version="1.0" encoding="UTF-8"?>
<!-- Generated by org.testng.reporters.JUnitReportReporter -->
<testsuite skipped="0" hostname="DESKTOP-QJKO3QE" name="com.vincent.testng.dbc.TestDBConnection" tests="4" failures="0" timestamp="19 九月 2017 15:14:18 GMT" time="0.004" errors="0">
  <testcase name="runOtherTest1" time="0.002" classname="com.vincent.testng.dbc.TestDBConnection"/>
  <testcase name="runOtherTest2" time="0.000" classname="com.vincent.testng.dbc.TestDBConnection"/>
  <testcase name="runOtherTest2" time="0.002" classname="com.vincent.testng.dbc.TestDBConnection"/>
  <testcase name="runOtherTest1" time="0.000" classname="com.vincent.testng.dbc.TestDBConnection"/>
</testsuite> <!-- com.vincent.testng.dbc.TestDBConnection -->
