<?xml version="1.0" encoding="UTF-8"?>
<!-- Generated by org.testng.reporters.JUnitReportReporter -->
<testsuite skipped="0" hostname="DESKTOP-QJKO3QE" name="com.vincent.testng.TestParameterDataProvider3" tests="4" failures="0" timestamp="26 十二月 2017 15:14:10 GMT" time="0.012" errors="0">
  <testcase name="test2" time="0.001" classname="com.vincent.testng.TestParameterDataProvider3"/>
  <testcase name="test1" time="0.007" classname="com.vincent.testng.TestParameterDataProvider3"/>
  <testcase name="test2" time="0.002" classname="com.vincent.testng.TestParameterDataProvider3"/>
  <testcase name="test1" time="0.002" classname="com.vincent.testng.TestParameterDataProvider3"/>
</testsuite> <!-- com.vincent.testng.TestParameterDataProvider3 -->
