<?xml version="1.0" encoding="UTF-8"?>
<!-- Generated by org.testng.reporters.JUnitReportReporter -->
<testsuite skipped="0" hostname="DESKTOP-QJKO3QE" name="com.vincent.testng.CharUtilsTest" tests="24" failures="0" timestamp="26 十二月 2017 15:30:57 GMT" time="0.023" errors="0">
  <testcase name="CharToASCIITest" time="0.001" classname="com.vincent.testng.CharUtilsTest"/>
  <testcase name="CharToASCIITest" time="0.000" classname="com.vincent.testng.CharUtilsTest"/>
  <testcase name="ASCIIToCharTest" time="0.000" classname="com.vincent.testng.CharUtilsTest"/>
  <testcase name="CharToASCIITest" time="0.001" classname="com.vincent.testng.CharUtilsTest"/>
  <testcase name="ASCIIToCharTest" time="0.001" classname="com.vincent.testng.CharUtilsTest"/>
  <testcase name="CharToASCIITest" time="0.001" classname="com.vincent.testng.CharUtilsTest"/>
  <testcase name="CharToASCIITest" time="0.001" classname="com.vincent.testng.CharUtilsTest"/>
  <testcase name="CharToASCIITest" time="0.001" classname="com.vincent.testng.CharUtilsTest"/>
  <testcase name="CharToASCIITest" time="0.001" classname="com.vincent.testng.CharUtilsTest"/>
  <testcase name="ASCIIToCharTest" time="0.001" classname="com.vincent.testng.CharUtilsTest"/>
  <testcase name="CharToASCIITest" time="0.000" classname="com.vincent.testng.CharUtilsTest"/>
  <testcase name="ASCIIToCharTest" time="0.001" classname="com.vincent.testng.CharUtilsTest"/>
  <testcase name="ASCIIToCharTest" time="0.001" classname="com.vincent.testng.CharUtilsTest"/>
  <testcase name="ASCIIToCharTest" time="0.008" classname="com.vincent.testng.CharUtilsTest"/>
  <testcase name="CharToASCIITest" time="0.000" classname="com.vincent.testng.CharUtilsTest"/>
  <testcase name="CharToASCIITest" time="0.001" classname="com.vincent.testng.CharUtilsTest"/>
  <testcase name="CharToASCIITest" time="0.001" classname="com.vincent.testng.CharUtilsTest"/>
  <testcase name="ASCIIToCharTest" time="0.001" classname="com.vincent.testng.CharUtilsTest"/>
  <testcase name="ASCIIToCharTest" time="0.000" classname="com.vincent.testng.CharUtilsTest"/>
  <testcase name="ASCIIToCharTest" time="0.000" classname="com.vincent.testng.CharUtilsTest"/>
  <testcase name="CharToASCIITest" time="0.000" classname="com.vincent.testng.CharUtilsTest"/>
  <testcase name="ASCIIToCharTest" time="0.000" classname="com.vincent.testng.CharUtilsTest"/>
  <testcase name="ASCIIToCharTest" time="0.001" classname="com.vincent.testng.CharUtilsTest"/>
  <testcase name="ASCIIToCharTest" time="0.001" classname="com.vincent.testng.CharUtilsTest"/>
</testsuite> <!-- com.vincent.testng.CharUtilsTest -->
