<?xml version="1.0" encoding="UTF-8"?>
<!-- Generated by org.testng.reporters.JUnitXMLReporter -->
<testsuite hostname="DESKTOP-QJKO3QE" ignored="0" name="Test-class test 1" tests="1" failures="0" timestamp="16 一月 2018 15:06:58 GMT" time="0.019" errors="0">
  <testcase name="testMethodOne" time="0.004" classname="com.vincent.parallel.ParallelSuiteTest"/>
</testsuite> <!-- Test-class test 1 -->
