<?xml version="1.0" encoding="UTF-8"?>
<!-- Generated by org.testng.reporters.JUnitXMLReporter -->
<testsuite hostname="DESKTOP-QJKO3QE" ignored="0" name="Test-class test 2" tests="1" failures="0" timestamp="23 十月 2017 14:38:31 GMT" time="0.019" errors="0">
  <testcase name="testMethodOne" time="0.003" classname="com.vincent.testng.parallelism.ParallelSuiteTest"/>
</testsuite> <!-- Test-class test 2 -->
